.                                        |  WARN  Unsupported engine: wanted: {"node":">=24.12.0"} (current: {"node":"v22.21.1","pnpm":"10.27.0"})

> admin@0.1.0 dev /app/apps/admin
> next dev -p 3001

▲ Next.js 16.1.1 (Turbopack)
- Local:         http://localhost:3001
- Network:       http://192.168.0.2:3001

✓ Starting...
✓ Ready in 1291ms
Proxy Hit: /
⨯ Error: Your project's URL and Key are required to create a Supabase client!

Check your Supabase project's API settings to find these values

https://supabase.com/dashboard/project/_/settings/api
    at <unknown> (https://supabase.com/dashboard/project/_/settings/api)
    at createMiddlewareClient (src/lib/supabase/middleware.ts:11:38)
    at proxy (src/proxy.ts:7:62)
   9 |   });
  10 |
> 11 |   const supabase = createServerClient(
     |                                      ^
  12 |     process.env.NEXT_PUBLIC_SUPABASE_URL!,
  13 |     process.env.NEXT_PUBLIC_SUPABASE_ANON_KEY!,
  14 |     {
 GET / 404 in 754ms (compile: -165679µs, proxy.ts: 747ms, render: 173ms)
⨯ Error: Missing Supabase environment variables
    at createClient (src/lib/supabase/client.ts:8:11)
    at Sidebar (src/components/sidebar.tsx:32:32)
   6 |
   7 |   if (!supabaseUrl || !supabaseKey) {
>  8 |     throw new Error('Missing Supabase environment variables');
     |           ^
   9 |   }
  10 |
  11 |   return createBrowserClient(supabaseUrl, supabaseKey); {
  digest: '1074196528'
}
Proxy Hit: /crm
⨯ Error: Your project's URL and Key are required to create a Supabase client!

Check your Supabase project's API settings to find these values

https://supabase.com/dashboard/project/_/settings/api
    at <unknown> (https://supabase.com/dashboard/project/_/settings/api)
    at createMiddlewareClient (src/lib/supabase/middleware.ts:11:38)
    at proxy (src/proxy.ts:7:62)
   9 |   });
  10 |
> 11 |   const supabase = createServerClient(
     |                                      ^
  12 |     process.env.NEXT_PUBLIC_SUPABASE_URL!,
  13 |     process.env.NEXT_PUBLIC_SUPABASE_ANON_KEY!,
  14 |     {
 GET /crm 404 in 88ms (compile: -14772µs, proxy.ts: 83ms, render: 19ms)
⨯ Error: Missing Supabase environment variables
    at createClient (src/lib/supabase/client.ts:8:11)
    at Sidebar (src/components/sidebar.tsx:32:32)
   6 |
   7 |   if (!supabaseUrl || !supabaseKey) {
>  8 |     throw new Error('Missing Supabase environment variables');
     |           ^
   9 |   }
  10 |
  11 |   return createBrowserClient(supabaseUrl, supabaseKey); {
  digest: '1074196528'
}
✓ Compiled in 511ms
